# JRE version: Java(TM) SE Runtime Environment (19.0.2+7) (build 19.0.2+7-44)
# Java VM: Java HotSpot(TM) 64-Bit Server VM (19.0.2+7-44, mixed mode, sharing, tiered, compressed oops, compressed class ptrs, g1 gc, windows-amd64)
GC Precious Log:
 CardTable entry size: 512
 Card Set container configuration: InlinePtr #cards 5 size 8 Array Of Cards #cards 12 size 40 Howl #buckets 4 coarsen threshold 1843 Howl Bitmap #cards 512 size 80 coarsen threshold 460 Card regions per heap region 1 cards per card region 2048
 CPUs: 8 total, 8 available
 Memory: 8086M
 Large Page Support: Disabled
 NUMA Support: Disabled
 Compressed Oops: Enabled (32-bit)
 Heap Region Size: 1M
 Heap Min Capacity: 8M
 Heap Initial Capacity: 128M
 Heap Max Capacity: 2022M
 Pre-touch: Disabled
 Parallel Workers: 8
 Concurrent Workers: 2
 Concurrent Refinement Workers: 8
 Periodic GC: Disabled
Heap:
 garbage-first heap   total 50176K, used 31563K [0x0000000081a00000, 0x0000000100000000)
  region size 1024K, 7 young (7168K), 1 survivors (1024K)
 Metaspace       used 66485K, committed 67136K, reserved 1114112K
  class space    used 8658K, committed 8960K, reserved 1048576K
GC Heap History (20 events):
Event: 8.442 GC heap before
{Heap before GC invocations=12 (full 0):
 garbage-first heap   total 48128K, used 35468K [0x0000000081a00000, 0x0000000100000000)
  region size 1024K, 17 young (17408K), 1 survivors (1024K)
 Metaspace       used 47879K, committed 48448K, reserved 1114112K
  class space    used 6052K, committed 6336K, reserved 1048576K
}
Event: 8.445 GC heap after
{Heap after GC invocations=13 (full 0):
 garbage-first heap   total 48128K, used 21043K [0x0000000081a00000, 0x0000000100000000)
  region size 1024K, 2 young (2048K), 2 survivors (2048K)
 Metaspace       used 47879K, committed 48448K, reserved 1114112K
  class space    used 6052K, committed 6336K, reserved 1048576K
}
Event: 9.055 GC heap before
{Heap before GC invocations=13 (full 0):
 garbage-first heap   total 48128K, used 36403K [0x0000000081a00000, 0x0000000100000000)
  region size 1024K, 17 young (17408K), 2 survivors (2048K)
 Metaspace       used 52599K, committed 53184K, reserved 1114112K
  class space    used 6815K, committed 7104K, reserved 1048576K
}
Event: 9.059 GC heap after
{Heap after GC invocations=14 (full 0):
 garbage-first heap   total 48128K, used 21748K [0x0000000081a00000, 0x0000000100000000)
  region size 1024K, 3 young (3072K), 3 survivors (3072K)
 Metaspace       used 52599K, committed 53184K, reserved 1114112K
  class space    used 6815K, committed 7104K, reserved 1048576K
}
Event: 9.499 GC heap before
{Heap before GC invocations=14 (full 0):
 garbage-first heap   total 48128K, used 37108K [0x0000000081a00000, 0x0000000100000000)
  region size 1024K, 18 young (18432K), 3 survivors (3072K)
 Metaspace       used 54584K, committed 55168K, reserved 1114112K
  class space    used 7068K, committed 7360K, reserved 1048576K
}
Event: 9.502 GC heap after
{Heap after GC invocations=15 (full 0):
 garbage-first heap   total 48128K, used 22259K [0x0000000081a00000, 0x0000000100000000)
  region size 1024K, 2 young (2048K), 2 survivors (2048K)
 Metaspace       used 54584K, committed 55168K, reserved 1114112K
  class space    used 7068K, committed 7360K, reserved 1048576K
}
Event: 10.270 GC heap before
{Heap before GC invocations=15 (full 0):
 garbage-first heap   total 48128K, used 36595K [0x0000000081a00000, 0x0000000100000000)
  region size 1024K, 17 young (17408K), 2 survivors (2048K)
 Metaspace       used 58126K, committed 58688K, reserved 1114112K
  class space    used 7527K, committed 7808K, reserved 1048576K
}
Event: 10.273 GC heap after
{Heap after GC invocations=16 (full 0):
 garbage-first heap   total 48128K, used 23821K [0x0000000081a00000, 0x0000000100000000)
  region size 1024K, 3 young (3072K), 3 survivors (3072K)
 Metaspace       used 58126K, committed 58688K, reserved 1114112K
  class space    used 7527K, committed 7808K, reserved 1048576K
}
Event: 10.595 GC heap before
{Heap before GC invocations=16 (full 0):
 garbage-first heap   total 48128K, used 33037K [0x0000000081a00000, 0x0000000100000000)
  region size 1024K, 14 young (14336K), 3 survivors (3072K)
 Metaspace       used 59718K, committed 60288K, reserved 1114112K
  class space    used 7749K, committed 8064K, reserved 1048576K
}
Event: 10.601 GC heap after
{Heap after GC invocations=17 (full 0):
 garbage-first heap   total 48128K, used 24272K [0x0000000081a00000, 0x0000000100000000)
  region size 1024K, 1 young (1024K), 1 survivors (1024K)
 Metaspace       used 59718K, committed 60288K, reserved 1114112K
  class space    used 7749K, committed 8064K, reserved 1048576K
}
Event: 11.037 GC heap before
{Heap before GC invocations=18 (full 0):
 garbage-first heap   total 48128K, used 37584K [0x0000000081a00000, 0x0000000100000000)
  region size 1024K, 14 young (14336K), 1 survivors (1024K)
 Metaspace       used 60964K, committed 61504K, reserved 1114112K
  class space    used 7935K, committed 8192K, reserved 1048576K
}
Event: 11.041 GC heap after
{Heap after GC invocations=19 (full 0):
 garbage-first heap   total 48128K, used 25183K [0x0000000081a00000, 0x0000000100000000)
  region size 1024K, 2 young (2048K), 2 survivors (2048K)
 Metaspace       used 60964K, committed 61504K, reserved 1114112K
  class space    used 7935K, committed 8192K, reserved 1048576K
}
Event: 11.085 GC heap before
{Heap before GC invocations=19 (full 0):
 garbage-first heap   total 48128K, used 26207K [0x0000000081a00000, 0x0000000100000000)
  region size 1024K, 3 young (3072K), 2 survivors (2048K)
 Metaspace       used 61053K, committed 61568K, reserved 1114112K
  class space    used 7948K, committed 8192K, reserved 1048576K
}
Event: 11.090 GC heap after
{Heap after GC invocations=20 (full 0):
 garbage-first heap   total 48128K, used 25187K [0x0000000081a00000, 0x0000000100000000)
  region size 1024K, 1 young (1024K), 1 survivors (1024K)
 Metaspace       used 61053K, committed 61568K, reserved 1114112K
  class space    used 7948K, committed 8192K, reserved 1048576K
}
Event: 11.573 GC heap before
{Heap before GC invocations=20 (full 0):
 garbage-first heap   total 48128K, used 37475K [0x0000000081a00000, 0x0000000100000000)
  region size 1024K, 13 young (13312K), 1 survivors (1024K)
 Metaspace       used 62833K, committed 63424K, reserved 1114112K
  class space    used 8184K, committed 8448K, reserved 1048576K
}
Event: 11.577 GC heap after
{Heap after GC invocations=21 (full 0):
 garbage-first heap   total 48128K, used 26448K [0x0000000081a00000, 0x0000000100000000)
  region size 1024K, 2 young (2048K), 2 survivors (2048K)
 Metaspace       used 62833K, committed 63424K, reserved 1114112K
  class space    used 8184K, committed 8448K, reserved 1048576K
}
Event: 17.489 GC heap before
{Heap before GC invocations=22 (full 0):
 garbage-first heap   total 50176K, used 36688K [0x0000000081a00000, 0x0000000100000000)
  region size 1024K, 13 young (13312K), 2 survivors (2048K)
 Metaspace       used 64626K, committed 65280K, reserved 1114112K
  class space    used 8404K, committed 8704K, reserved 1048576K
}
Event: 17.493 GC heap after
{Heap after GC invocations=23 (full 0):
 garbage-first heap   total 50176K, used 27550K [0x0000000081a00000, 0x0000000100000000)
  region size 1024K, 2 young (2048K), 2 survivors (2048K)
 Metaspace       used 64626K, committed 65280K, reserved 1114112K
  class space    used 8404K, committed 8704K, reserved 1048576K
}
Event: 17.536 GC heap before
{Heap before GC invocations=23 (full 0):
 garbage-first heap   total 50176K, used 28574K [0x0000000081a00000, 0x0000000100000000)
  region size 1024K, 3 young (3072K), 2 survivors (2048K)
 Metaspace       used 64909K, committed 65600K, reserved 1114112K
  class space    used 8440K, committed 8768K, reserved 1048576K
}
Event: 17.539 GC heap after
{Heap after GC invocations=24 (full 0):
 garbage-first heap   total 50176K, used 27467K [0x0000000081a00000, 0x0000000100000000)
  region size 1024K, 1 young (1024K), 1 survivors (1024K)
 Metaspace       used 64909K, committed 65600K, reserved 1114112K
  class space    used 8440K, committed 8768K, reserved 1048576K
}

